[2024-04-05 12:24:28,210: INFO: main: Weclome to Text Summarizer]
[2024-04-05 12:25:09,283: INFO: main: This is a custom logging test]
[2024-04-10 11:14:04,098: INFO: main: This is a custom logging test]
[2024-04-10 14:58:16,441: INFO: common: yaml file: config\config.yaml loaded successfully]
[2024-04-10 14:58:16,446: INFO: common: yaml file: params.yaml loaded successfully]
[2024-04-10 15:08:07,209: INFO: common: yaml file: config\config.yaml loaded successfully]
[2024-04-10 15:08:07,211: INFO: common: yaml file: params.yaml loaded successfully]
[2024-04-10 15:11:15,423: INFO: common: yaml file: config\config.yaml loaded successfully]
[2024-04-10 15:11:15,424: INFO: common: yaml file: params.yaml loaded successfully]
[2024-04-10 15:14:00,284: INFO: common: yaml file: config\config.yaml loaded successfully]
[2024-04-10 15:14:00,286: INFO: common: yaml file: params.yaml loaded successfully]
[2024-04-10 15:28:29,400: INFO: common: yaml file: config\config.yaml loaded successfully]
[2024-04-10 15:28:29,402: INFO: common: yaml file: params.yaml loaded successfully]
[2024-04-10 15:28:32,259: INFO: common: yaml file: config\config.yaml loaded successfully]
[2024-04-10 15:28:32,261: INFO: common: yaml file: params.yaml loaded successfully]
[2024-04-10 15:48:04,987: INFO: common: yaml file: config\config.yaml loaded successfully]
[2024-04-10 15:48:04,989: INFO: common: yaml file: params.yaml loaded successfully]
[2024-04-10 15:52:49,432: INFO: common: yaml file: config\config.yaml loaded successfully]
[2024-04-10 15:52:49,434: INFO: common: yaml file: params.yaml loaded successfully]
[2024-04-15 10:50:11,883: INFO: common: yaml file: config\config.yaml loaded successfully]
[2024-04-15 10:50:11,989: INFO: common: yaml file: params.yaml loaded successfully]
[2024-04-15 15:01:28,698: INFO: common: yaml file: D:\ML Projects\Text_Summerizer\config\config.yaml loaded successfully]
[2024-04-15 15:01:28,801: INFO: common: yaml file: params.yaml loaded successfully]
[2024-04-15 15:05:56,534: INFO: common: yaml file: config\config.yaml loaded successfully]
[2024-04-15 15:05:56,640: INFO: common: yaml file: params.yaml loaded successfully]
[2024-04-15 15:08:29,150: INFO: common: yaml file: config\config.yaml loaded successfully]
[2024-04-15 15:08:29,153: INFO: common: yaml file: params.yaml loaded successfully]
